<?xml version="1.0" encoding="UTF-8"?>
<robot generator="Robot 7.1 (Python 3.10.3 on darwin)" generated="2025-01-08T09:05:29.705753" rpa="false" schemaversion="5">
<suite id="s1" name="TC01" source="/Users/sirapob/Desktop/robottest/testcase/TC01.robot">
<test id="s1-t1" name="TestHello" line="5">
<kw name="Set Selenium Speed" owner="SeleniumLibrary">
<arg>3</arg>
<doc>Sets the delay that is waited after each Selenium command.</doc>
<status status="PASS" start="2025-01-08T09:05:29.786741" elapsed="0.000113"/>
</kw>
<kw name="Open Browser" owner="SeleniumLibrary">
<msg time="2025-01-08T09:05:29.787032" level="INFO">Opening browser 'edge' to base url 'https://www.google.com'.</msg>
<arg>https://www.google.com</arg>
<arg>edge</arg>
<doc>Opens a new browser instance to the optional ``url``.</doc>
<status status="PASS" start="2025-01-08T09:05:29.786950" elapsed="8.168911"/>
</kw>
<kw name="Go To" owner="SeleniumLibrary">
<msg time="2025-01-08T09:05:37.963035" level="INFO">Opening url 'https://www.facebook.com'</msg>
<arg>https://www.facebook.com</arg>
<doc>Navigates the current browser window to the provided ``url``.</doc>
<status status="PASS" start="2025-01-08T09:05:37.961597" elapsed="4.737774"/>
</kw>
<kw name="Input Text" owner="SeleniumLibrary">
<msg time="2025-01-08T09:05:42.716806" level="INFO">Typing text 'helloworld' into text field 'xpath://*[@id="email"]'.</msg>
<arg>xpath://*[@id="email"]</arg>
<arg>helloworld</arg>
<doc>Types the given ``text`` into the text field identified by ``locator``.</doc>
<status status="PASS" start="2025-01-08T09:05:42.707384" elapsed="9.374062"/>
</kw>
<status status="PASS" start="2025-01-08T09:05:29.786221" elapsed="22.304526"/>
</test>
<status status="PASS" start="2025-01-08T09:05:29.706505" elapsed="22.386678"/>
</suite>
<statistics>
<total>
<stat pass="1" fail="0" skip="0">All Tests</stat>
</total>
<tag>
</tag>
<suite>
<stat pass="1" fail="0" skip="0" id="s1" name="TC01">TC01</stat>
</suite>
</statistics>
<errors>
</errors>
</robot>
